<?xml version="1.0" encoding="UTF-8"?>
<!-- Generated by org.testng.reporters.JUnitXMLReporter -->
<testsuite ignored="18" hostname="IN-39RM2J3" failures="0" tests="1" name="sanitypack" time="0.004" errors="0" timestamp="2023-01-08T23:56:59 IST">
  <testcase classname="com.nagarro.SeleniumJava.tests.Test01_HomePage" name="ClickBackSlide" time="0.001">
    <skipped/>
  </testcase> <!-- ClickBackSlide -->
  <testcase classname="com.nagarro.SeleniumJava.tests.Test02_RegisterPage" name="CreateNewuser" time="0.0">
    <ignored/>
  </testcase> <!-- CreateNewuser -->
  <testcase classname="com.nagarro.SeleniumJava.tests.Test01_HomePage" name="verifyBecomeASellerTabTest" time="0.0">
    <ignored/>
  </testcase> <!-- verifyBecomeASellerTabTest -->
  <testcase classname="com.nagarro.SeleniumJava.tests.Test04_FooterPage" name="verifyFooterLogoTest" time="0.0">
    <ignored/>
  </testcase> <!-- verifyFooterLogoTest -->
  <testcase classname="com.nagarro.SeleniumJava.tests.Test04_FooterPage" name="verifyAdvertiseTest" time="0.0">
    <ignored/>
  </testcase> <!-- verifyAdvertiseTest -->
  <testcase classname="com.nagarro.SeleniumJava.tests.Test04_FooterPage" name="verifyFacebookTest" time="0.0">
    <ignored/>
  </testcase> <!-- verifyFacebookTest -->
  <testcase classname="com.nagarro.SeleniumJava.tests.Test01_HomePage" name="verifyHomePageTitleTest" time="0.0">
    <ignored/>
  </testcase> <!-- verifyHomePageTitleTest -->
  <testcase classname="com.nagarro.SeleniumJava.tests.Test04_FooterPage" name="verifyBecomeASellerTest" time="0.0">
    <ignored/>
  </testcase> <!-- verifyBecomeASellerTest -->
  <testcase classname="com.nagarro.SeleniumJava.tests.Test03_ProductPage" name="productSearch" time="0.0">
    <ignored/>
  </testcase> <!-- productSearch -->
  <testcase classname="com.nagarro.SeleniumJava.tests.Test04_FooterPage" name="verifyPaymentTest" time="0.0">
    <ignored/>
  </testcase> <!-- verifyPaymentTest -->
  <testcase classname="com.nagarro.SeleniumJava.tests.Test01_HomePage" name="verifyLoginTabTest" time="0.0">
    <ignored/>
  </testcase> <!-- verifyLoginTabTest -->
  <testcase classname="com.nagarro.SeleniumJava.tests.Test01_HomePage" name="ClickNextSlide" time="0.0">
    <ignored/>
  </testcase> <!-- ClickNextSlide -->
  <testcase classname="com.nagarro.SeleniumJava.tests.Test01_HomePage" name="verifyFlipkartLogoTest" time="0.0">
    <ignored/>
  </testcase> <!-- verifyFlipkartLogoTest -->
  <testcase classname="com.nagarro.SeleniumJava.tests.Test04_FooterPage" name="clickToCopyRight" time="0.0">
    <ignored/>
  </testcase> <!-- clickToCopyRight -->
  <testcase classname="com.nagarro.SeleniumJava.tests.Test04_FooterPage" name="verifyHelpCenterTest" time="0.0">
    <ignored/>
  </testcase> <!-- verifyHelpCenterTest -->
  <testcase classname="com.nagarro.SeleniumJava.tests.Test04_FooterPage" name="verifyContactUsTest" time="0.0">
    <ignored/>
  </testcase> <!-- verifyContactUsTest -->
  <testcase classname="com.nagarro.SeleniumJava.tests.Test04_FooterPage" name="verifyGiftCardTest" time="0.0">
    <ignored/>
  </testcase> <!-- verifyGiftCardTest -->
  <testcase classname="com.nagarro.SeleniumJava.tests.Test03_ProductPage" name="productAddToCart" time="0.0">
    <ignored/>
  </testcase> <!-- productAddToCart -->
  <testcase classname="com.nagarro.SeleniumJava.tests.Test01_HomePage" name="verifySearchProductTest" time="0.0">
    <ignored/>
  </testcase> <!-- verifySearchProductTest -->
</testsuite> <!-- sanitypack -->
