<?xml version="1.0" encoding="UTF-8"?>
<!-- Generated by org.testng.reporters.JUnitXMLReporter -->
<testsuite ignored="0" hostname="IN-39RM2J3" failures="0" tests="7" name="SmokeTest" time="208.075" errors="0" timestamp="2023-01-09T15:29:46 IST">
  <testcase classname="com.nagarro.SeleniumJava.tests.Test01_HomePage" name="verifyHomePageTitleTest" time="2.299"/>
  <testcase classname="com.nagarro.SeleniumJava.tests.Test01_HomePage" name="verifyFlipkartLogoTest" time="0.096"/>
  <testcase classname="com.nagarro.SeleniumJava.tests.Test01_HomePage" name="verifyLoginTabTest" time="0.237"/>
  <testcase classname="com.nagarro.SeleniumJava.tests.Test01_HomePage" name="verifyBecomeASellerTabTest" time="0.075"/>
  <testcase classname="com.nagarro.SeleniumJava.tests.Test01_HomePage" name="verifySearchProductTest" time="1.835"/>
  <testcase classname="com.nagarro.SeleniumJava.tests.Test01_HomePage" name="ClickNextSlide" time="0.282"/>
  <testcase classname="com.nagarro.SeleniumJava.tests.Test01_HomePage" name="ClickBackSlide" time="0.0">
    <skipped/>
  </testcase> <!-- ClickBackSlide -->
</testsuite> <!-- SmokeTest -->
