<?xml version="1.0" encoding="UTF-8"?>
<!-- Generated by org.testng.reporters.JUnitXMLReporter -->
<testsuite ignored="6" hostname="IN-39RM2J3" failures="0" tests="20" name="Test" time="735.713" errors="0" timestamp="2023-01-09T17:05:58 IST">
  <testcase classname="com.nagarro.SeleniumJava.tests.Test01_HomePage" name="verifyHomePageTitleTest" time="1.234"/>
  <testcase classname="com.nagarro.SeleniumJava.tests.Test01_HomePage" name="verifyFlipkartLogoTest" time="0.057"/>
  <testcase classname="com.nagarro.SeleniumJava.tests.Test01_HomePage" name="verifyLoginTabTest" time="0.122"/>
  <testcase classname="com.nagarro.SeleniumJava.tests.Test01_HomePage" name="verifyBecomeASellerTabTest" time="0.046"/>
  <testcase classname="com.nagarro.SeleniumJava.tests.Test01_HomePage" name="verifySearchProductTest" time="1.43"/>
  <testcase classname="com.nagarro.SeleniumJava.tests.Test01_HomePage" name="ClickNextSlide" time="0.205"/>
  <testcase classname="com.nagarro.SeleniumJava.tests.Test01_HomePage" name="ClickBackSlide" time="0.003">
    <skipped/>
  </testcase> <!-- ClickBackSlide -->
  <testcase classname="com.nagarro.SeleniumJava.tests.Test02_RegisterPage" name="CreateNewuser" time="3.342"/>
  <testcase classname="com.nagarro.SeleniumJava.tests.Test03_ProductPage" name="productSearch" time="3.248"/>
  <testcase classname="com.nagarro.SeleniumJava.tests.Test03_ProductPage" name="productAddToCart" time="15.775"/>
  <testcase classname="com.nagarro.SeleniumJava.tests.Test04_FooterPage" name="clickToCopyRight" time="0.093"/>
  <testcase classname="com.nagarro.SeleniumJava.tests.Test04_FooterPage" name="verifyFooterLogoTest" time="0.057"/>
  <testcase classname="com.nagarro.SeleniumJava.tests.Test04_FooterPage" name="verifyHelpCenterTest" time="0.031"/>
  <testcase classname="com.nagarro.SeleniumJava.tests.Test04_FooterPage" name="verifyContactUsTest" time="3.932"/>
  <testcase classname="com.nagarro.SeleniumJava.tests.Test04_FooterPage" name="verifyGiftCardTest" time="0.04"/>
  <testcase classname="com.nagarro.SeleniumJava.tests.Test04_FooterPage" name="verifyAdvertiseTest" time="0.041"/>
  <testcase classname="com.nagarro.SeleniumJava.tests.Test04_FooterPage" name="verifyBecomeASellerTest" time="0.043"/>
  <testcase classname="com.nagarro.SeleniumJava.tests.Test04_FooterPage" name="verifyPaymentTest" time="4.031"/>
  <testcase classname="com.nagarro.SeleniumJava.tests.Test04_FooterPage" name="verifyShippingTest" time="4.262"/>
  <testcase classname="com.nagarro.SeleniumJava.tests.Test04_FooterPage" name="verifyFacebookTest" time="5.565"/>
  <testcase classname="com.nagarro.SeleniumJava.tests.BaseTest" name="@BeforeSuite setExtent" time="0.0">
    <ignored/>
  </testcase> <!-- @BeforeSuite setExtent -->
  <testcase classname="com.nagarro.SeleniumJava.tests.BaseTest" name="@BeforeSuite setExtent" time="0.0">
    <ignored/>
  </testcase> <!-- @BeforeSuite setExtent -->
  <testcase classname="com.nagarro.SeleniumJava.tests.BaseTest" name="@BeforeSuite setExtent" time="0.0">
    <ignored/>
  </testcase> <!-- @BeforeSuite setExtent -->
  <testcase classname="com.nagarro.SeleniumJava.tests.BaseTest" name="@AfterSuite endReport" time="0.0">
    <ignored/>
  </testcase> <!-- @AfterSuite endReport -->
  <testcase classname="com.nagarro.SeleniumJava.tests.BaseTest" name="@AfterSuite endReport" time="0.0">
    <ignored/>
  </testcase> <!-- @AfterSuite endReport -->
  <testcase classname="com.nagarro.SeleniumJava.tests.BaseTest" name="@AfterSuite endReport" time="0.0">
    <ignored/>
  </testcase> <!-- @AfterSuite endReport -->
</testsuite> <!-- Test -->
